Active-HDL 13.0.376.8320 2023-11-20 15:01:56

Elaboration top modules:
Architecture                  testbench(tb_riscv_adder)


---------------------------------------------------------------------------------------------------
Entity         | Architecture | Library   | Info | Compiler Version          | Compilation Options
---------------------------------------------------------------------------------------------------
tb_riscv_adder | testbench    | processor |      | 13.0.376.8320 (Windows64) | -O3
riscv_adder    | beh          | processor |      | 13.0.376.8320 (Windows64) | -O3
half_adder     | beh          | processor |      | 13.0.376.8320 (Windows64) | -O3
---------------------------------------------------------------------------------------------------

---------------------------------------------------------------------------------------------------
VHDL Package                  | Library   | Info | Compiler Version          | Compilation Options
---------------------------------------------------------------------------------------------------
standard                      | std       |      |                           | <unavailable>
TEXTIO                        | std       |      | 13.0.376.8320 (Windows64) |  -2019
std_logic_1164                | ieee      |      | 13.0.376.8320 (Windows64) |  -2008
NUMERIC_STD                   | ieee      |      | 13.0.376.8320 (Windows64) |  -2008
---------------------------------------------------------------------------------------------------

---------------------------------------------------------------------------------------------------
Library                       | Comment
---------------------------------------------------------------------------------------------------
ieee                          | Standard IEEE packages library
processor                     | None
std                           | Standard VHDL library
---------------------------------------------------------------------------------------------------
